2020-04-28 09:32:14,100 INFO (StartupInfoLogger.java:59)- Started ControlerApplication in 7.5769555 seconds (JVM running for 10.641)
2020-04-28 09:32:29,749 DEBUG (BaseJdbcLogger.java:143)- ==>  Preparing: SELECT count(0) FROM userinfo u, assess a WHERE u.userid = a.userid 
2020-04-28 09:32:29,768 DEBUG (BaseJdbcLogger.java:143)- ==> Parameters: 
2020-04-28 09:32:29,784 DEBUG (BaseJdbcLogger.java:143)- <==      Total: 1
2020-04-28 09:32:29,788 DEBUG (BaseJdbcLogger.java:143)- ==>  Preparing: SELECT u.userid,u.fname,u.fage,u.fbirthdate,a.content as address FROM userinfo u,assess a WHERE u.userid=a.userid LIMIT ? 
2020-04-28 09:32:29,790 DEBUG (BaseJdbcLogger.java:143)- ==> Parameters: 10(Integer)
2020-04-28 09:32:29,796 DEBUG (BaseJdbcLogger.java:143)- <==      Total: 1
2020-04-28 09:34:17,877 INFO (StartupInfoLogger.java:50)- Starting ControlerApplication on DESKTOP-RJURPVR with PID 8216 (D:\MAVEN\Git\examines\examines\web\target\classes started by hh in D:\MAVEN\Git\examines\examines)
2020-04-28 09:34:17,878 DEBUG (StartupInfoLogger.java:53)- Running with Spring Boot v2.1.1.RELEASE, Spring v5.1.3.RELEASE
2020-04-28 09:34:17,878 INFO (SpringApplication.java:675)- No active profile set, falling back to default profiles: default
2020-04-28 09:36:39,351 INFO (StartupInfoLogger.java:50)- Starting ControlerApplication on DESKTOP-RJURPVR with PID 8216 (D:\MAVEN\Git\examines\examines\web\target\classes started by hh in D:\MAVEN\Git\examines\examines)
2020-04-28 09:36:39,355 DEBUG (StartupInfoLogger.java:53)- Running with Spring Boot v2.1.1.RELEASE, Spring v5.1.3.RELEASE
2020-04-28 09:36:39,360 INFO (SpringApplication.java:675)- No active profile set, falling back to default profiles: default
2020-04-28 09:37:53,330 INFO (StartupInfoLogger.java:50)- Starting ControlerApplication on DESKTOP-RJURPVR with PID 8216 (D:\MAVEN\Git\examines\examines\web\target\classes started by hh in D:\MAVEN\Git\examines\examines)
2020-04-28 09:37:53,330 DEBUG (StartupInfoLogger.java:53)- Running with Spring Boot v2.1.1.RELEASE, Spring v5.1.3.RELEASE
2020-04-28 09:37:53,331 INFO (SpringApplication.java:675)- No active profile set, falling back to default profiles: default
2020-04-28 09:38:30,442 INFO (StartupInfoLogger.java:50)- Starting ControlerApplication on DESKTOP-RJURPVR with PID 8216 (D:\MAVEN\Git\examines\examines\web\target\classes started by hh in D:\MAVEN\Git\examines\examines)
2020-04-28 09:38:30,443 DEBUG (StartupInfoLogger.java:53)- Running with Spring Boot v2.1.1.RELEASE, Spring v5.1.3.RELEASE
2020-04-28 09:38:30,444 INFO (SpringApplication.java:675)- No active profile set, falling back to default profiles: default
2020-04-28 09:40:15,164 INFO (StartupInfoLogger.java:50)- Starting ControlerApplication on DESKTOP-RJURPVR with PID 8216 (D:\MAVEN\Git\examines\examines\web\target\classes started by hh in D:\MAVEN\Git\examines\examines)
2020-04-28 09:40:15,164 DEBUG (StartupInfoLogger.java:53)- Running with Spring Boot v2.1.1.RELEASE, Spring v5.1.3.RELEASE
2020-04-28 09:40:15,165 INFO (SpringApplication.java:675)- No active profile set, falling back to default profiles: default
