2020-04-26 09:50:54,261 DEBUG (BaseJdbcLogger.java:143)- <==      Total: 5
2020-04-26 09:50:54,261 DEBUG (BaseJdbcLogger.java:143)- ==> Parameters: 2020122412(Integer)
2020-04-26 09:50:54,263 DEBUG (BaseJdbcLogger.java:143)- ==> Parameters: 2020122412(Integer), 1(Integer)
2020-04-26 09:50:54,270 DEBUG (BaseJdbcLogger.java:143)- <==      Total: 1
2020-04-26 09:50:54,272 DEBUG (BaseJdbcLogger.java:143)- <==      Total: 1
2020-04-26 09:50:54,288 DEBUG (BaseJdbcLogger.java:143)- ==>  Preparing: SELECT a.`adviseArr` FROM yxadvisecheckresult a,yxcheckresult b WHERE a.`resultId`=b.`resultId` AND b.userId=? AND b.`sex`=? 
2020-04-26 09:50:54,289 DEBUG (BaseJdbcLogger.java:143)- ==> Parameters: 2020122412(Integer), 1(Integer)
2020-04-26 09:50:54,290 DEBUG (BaseJdbcLogger.java:143)- <==      Total: 1
2020-04-26 09:50:54,708 DEBUG (BaseJdbcLogger.java:143)- ==>  Preparing: SELECT * FROM yxcheckresult WHERE userid=? AND sex=? 
2020-04-26 09:50:54,708 DEBUG (BaseJdbcLogger.java:143)- ==>  Preparing: SELECT userid,mname,mcard,mbirthdate,mphone,methnic,midtype,mage,mculture,mjob,mprovince,mcity,mcounty,mdistrict,mvillage,mregistered,fname,fcard,fbirthdate,fphone,fethnic,fidtype,fage,fculture,fjob,fprovince,fcity,fcounty,fdistrict,fvillage,fregistered,address,creatdate,getmarrieddate,regtypeid,landlinenumber,mimg,fimg,email,doctorname FROM userinfo WHERE userid = ? 
2020-04-26 09:50:54,709 DEBUG (BaseJdbcLogger.java:143)- ==> Parameters: 2020122412(Integer)
2020-04-26 09:50:54,709 DEBUG (BaseJdbcLogger.java:143)- ==> Parameters: 2020122412(Integer), 0(Integer)
2020-04-26 09:50:54,710 DEBUG (BaseJdbcLogger.java:143)- <==      Total: 1
2020-04-26 09:50:54,710 DEBUG (BaseJdbcLogger.java:143)- <==      Total: 1
2020-04-26 09:50:54,711 DEBUG (BaseJdbcLogger.java:143)- ==>  Preparing: SELECT yxid,yxitem FROM yxadvise 
2020-04-26 09:50:54,711 DEBUG (BaseJdbcLogger.java:143)- ==> Parameters: 
2020-04-26 09:50:54,714 DEBUG (BaseJdbcLogger.java:143)- <==      Total: 5
2020-04-26 09:50:54,730 DEBUG (BaseJdbcLogger.java:143)- ==>  Preparing: SELECT a.`adviseArr` FROM yxadvisecheckresult a,yxcheckresult b WHERE a.`resultId`=b.`resultId` AND b.userId=? AND b.`sex`=? 
2020-04-26 09:50:54,731 DEBUG (BaseJdbcLogger.java:143)- ==> Parameters: 2020122412(Integer), 0(Integer)
2020-04-26 09:50:54,734 DEBUG (BaseJdbcLogger.java:143)- <==      Total: 1
