2020-04-26 16:33:27,907 DEBUG (BaseJdbcLogger.java:143)- ==>  Preparing: SELECT ntypeid,ntype FROM nowmedicalhistorytype 
2020-04-26 16:33:27,905 DEBUG (BaseJdbcLogger.java:143)- ==>  Preparing: SELECT typeid,type FROM medicalhistorytype 
2020-04-26 16:33:27,910 DEBUG (BaseJdbcLogger.java:143)- ==>  Preparing: select * from cgkzresult where userid=? and sex=? 
2020-04-26 16:33:27,913 DEBUG (BaseJdbcLogger.java:143)- ==> Parameters: 
2020-04-26 16:33:27,913 DEBUG (BaseJdbcLogger.java:143)- ==> Parameters: 
2020-04-26 16:33:27,914 DEBUG (BaseJdbcLogger.java:143)- ==> Parameters: 2020122412(Integer), 1(Integer)
2020-04-26 16:33:27,916 DEBUG (BaseJdbcLogger.java:143)- <==      Total: 1
2020-04-26 16:33:27,916 DEBUG (BaseJdbcLogger.java:143)- <==      Total: 4
2020-04-26 16:33:27,917 DEBUG (BaseJdbcLogger.java:143)- <==      Total: 7
2020-04-26 16:33:27,976 DEBUG (BaseJdbcLogger.java:143)- ==>  Preparing: SELECT birthid,isdivorced,soncount,girlcount,isgeneticdisease,geneticdisease FROM maritalhistory WHERE birthid = ? 
2020-04-26 16:33:27,976 DEBUG (BaseJdbcLogger.java:143)- ==> Parameters: 2(Integer)
2020-04-26 16:33:27,978 DEBUG (BaseJdbcLogger.java:143)- <==      Total: 1
2020-04-26 16:33:27,978 DEBUG (BaseJdbcLogger.java:143)- ==>  Preparing: SELECT medicalid,typelist,medicalname,morbiditycount,latelytime,istakemedicine,capacity,isoperating,operatingroom,operatingdate FROM medicalhistory WHERE medicalid = ? 
2020-04-26 16:33:27,979 DEBUG (BaseJdbcLogger.java:143)- ==> Parameters: 2(Integer)
2020-04-26 16:33:27,981 DEBUG (BaseJdbcLogger.java:143)- <==      Total: 1
2020-04-26 16:33:27,999 DEBUG (BaseJdbcLogger.java:143)- ==>  Preparing: SELECT nmedicalid,ntypelist,elsecontent FROM nowmedicalhistory WHERE nmedicalid = ? 
2020-04-26 16:33:28,000 DEBUG (BaseJdbcLogger.java:143)- ==> Parameters: 2(Integer)
2020-04-26 16:33:28,001 DEBUG (BaseJdbcLogger.java:143)- <==      Total: 1
2020-04-26 16:33:28,712 DEBUG (BaseJdbcLogger.java:143)- ==>  Preparing: SELECT typeid,type FROM medicalhistorytype 
2020-04-26 16:33:28,713 DEBUG (BaseJdbcLogger.java:143)- ==> Parameters: 
2020-04-26 16:33:28,713 DEBUG (BaseJdbcLogger.java:143)- ==>  Preparing: SELECT ntypeid,ntype FROM nowmedicalhistorytype 
2020-04-26 16:33:28,715 DEBUG (BaseJdbcLogger.java:143)- ==> Parameters: 
2020-04-26 16:33:28,715 DEBUG (BaseJdbcLogger.java:143)- <==      Total: 7
2020-04-26 16:33:28,716 DEBUG (BaseJdbcLogger.java:143)- <==      Total: 4
