2020-04-28 12:44:55,183 DEBUG (BaseJdbcLogger.java:143)- ==> Parameters: 2020122412(Integer), 0(Integer)
2020-04-28 12:44:55,192 DEBUG (BaseJdbcLogger.java:143)- <==      Total: 1
2020-04-28 12:44:57,599 DEBUG (BaseJdbcLogger.java:143)- ==>  Preparing: SELECT * FROM userinfo a LEFT JOIN bultrasound b ON a.`userId`=b.`userId` WHERE 1=1 limit ?,?
2020-04-28 12:44:57,600 DEBUG (BaseJdbcLogger.java:143)- ==> Parameters: 0(Integer), 3(Integer)
2020-04-28 12:44:57,604 DEBUG (BaseJdbcLogger.java:143)- <==      Total: 3
2020-04-28 12:44:57,606 DEBUG (BaseJdbcLogger.java:143)- ==>  Preparing: SELECT count(*) FROM userinfo a LEFT JOIN bultrasound b ON a.`userId`=b.`userId` WHERE 1=1
2020-04-28 12:44:57,607 DEBUG (BaseJdbcLogger.java:143)- ==> Parameters:
2020-04-28 12:44:57,609 DEBUG (BaseJdbcLogger.java:143)- <==      Total: 1
2020-04-28 12:44:57,746 DEBUG (BaseJdbcLogger.java:143)- ==>  Preparing: SELECT * FROM userinfo a LEFT JOIN bultrasound b ON a.`userId`=b.`userId` WHERE 1=1 limit ?,?
2020-04-28 12:44:57,747 DEBUG (BaseJdbcLogger.java:143)- ==> Parameters: 0(Integer), 3(Integer)
2020-04-28 12:44:57,752 DEBUG (BaseJdbcLogger.java:143)- <==      Total: 3
2020-04-28 12:44:57,755 DEBUG (BaseJdbcLogger.java:143)- ==>  Preparing: SELECT count(*) FROM userinfo a LEFT JOIN bultrasound b ON a.`userId`=b.`userId` WHERE 1=1
2020-04-28 12:44:57,755 DEBUG (BaseJdbcLogger.java:143)- ==> Parameters:
2020-04-28 12:44:57,756 DEBUG (BaseJdbcLogger.java:143)- <==      Total: 1
2020-04-28 14:49:54,881 DEBUG (BaseJdbcLogger.java:143)- <==      Total: 1
2020-04-28 14:49:54,973 DEBUG (BaseJdbcLogger.java:143)- ==>  Preparing: update clinicalbilling set b=?,m=?,l=?,zcell=?,abo=?,rh=?,bloodsugar=?, hbsag=?,hbeab=?,hbsab=?,hbcab=?,hbeag=?,alt=?,cr=?,tsh=?, figg=?,tp=?,jigg=?,jigm=?,gigg=?,gigm=?,other=?,doctorname=?, examinedate=? where userid=? and sex=?
2020-04-28 14:49:54,976 DEBUG (BaseJdbcLogger.java:143)- ==> Parameters: null, on(String), on(String), on(String), on(String), null, on(String), on(String), null, on(String), on(String), on(String), null, on(String), null, on(String), null, on(String), on(String), on(String), on(String), on(String), 张三(String), 2020-04-23 00:00:00.0(Timestamp), 2020122412(Integer), 0(Integer)
2020-04-28 14:49:55,027 DEBUG (BaseJdbcLogger.java:143)- <==    Updates: 1
2020-04-29 15:13:18,614 INFO (StartupInfoLogger.java:50)- Starting ControlerApplication on DESKTOP-RJURPVR with PID 12200 (D:\MAVEN\Git\examines\examines\web\target\classes started by hh in D:\MAVEN\Git\examines\examines)
2020-04-29 15:13:18,633 DEBUG (StartupInfoLogger.java:53)- Running with Spring Boot v2.1.1.RELEASE, Spring v5.1.3.RELEASE
2020-04-29 15:13:18,634 INFO (SpringApplication.java:675)- No active profile set, falling back to default profiles: default
