2020-04-26 16:34:19,078 DEBUG (BaseJdbcLogger.java:143)- ==>  Preparing: SELECT nmedicalid,ntypelist,elsecontent FROM nowmedicalhistory WHERE nmedicalid = ? 
2020-04-26 16:34:19,076 DEBUG (BaseJdbcLogger.java:143)- ==>  Preparing: SELECT medicalid,typelist,medicalname,morbiditycount,latelytime,istakemedicine,capacity,isoperating,operatingroom,operatingdate FROM medicalhistory WHERE medicalid = ? 
2020-04-26 16:34:19,072 DEBUG (BaseJdbcLogger.java:143)- ==> Parameters: 2(Integer)
2020-04-26 16:34:19,093 DEBUG (BaseJdbcLogger.java:143)- ==> Parameters: 2(Integer)
2020-04-26 16:34:19,095 DEBUG (BaseJdbcLogger.java:143)- <==      Total: 1
2020-04-26 16:34:19,096 DEBUG (BaseJdbcLogger.java:143)- ==> Parameters: 2(Integer)
2020-04-26 16:34:19,095 DEBUG (BaseJdbcLogger.java:143)- <==      Total: 1
2020-04-26 16:34:19,099 DEBUG (BaseJdbcLogger.java:143)- <==      Total: 1
2020-04-26 16:34:40,979 DEBUG (BaseJdbcLogger.java:143)- ==>  Preparing: SELECT typeid,type FROM medicalhistorytype 
2020-04-26 16:34:40,980 DEBUG (BaseJdbcLogger.java:143)- ==> Parameters: 
2020-04-26 16:34:40,981 DEBUG (BaseJdbcLogger.java:143)- ==>  Preparing: SELECT ntypeid,ntype FROM nowmedicalhistorytype 
2020-04-26 16:34:40,981 DEBUG (BaseJdbcLogger.java:143)- <==      Total: 7
2020-04-26 16:34:40,981 DEBUG (BaseJdbcLogger.java:143)- ==> Parameters: 
2020-04-26 16:34:40,984 DEBUG (BaseJdbcLogger.java:143)- <==      Total: 4
2020-04-26 16:34:40,990 DEBUG (BaseJdbcLogger.java:143)- ==>  Preparing: select * from cgkzresult where userid=? and sex=? 
2020-04-26 16:34:40,991 DEBUG (BaseJdbcLogger.java:143)- ==> Parameters: 2020122412(Integer), 1(Integer)
2020-04-26 16:34:40,993 DEBUG (BaseJdbcLogger.java:143)- <==      Total: 1
2020-04-26 16:34:41,049 DEBUG (BaseJdbcLogger.java:143)- ==>  Preparing: SELECT birthid,isdivorced,soncount,girlcount,isgeneticdisease,geneticdisease FROM maritalhistory WHERE birthid = ? 
2020-04-26 16:34:41,049 DEBUG (BaseJdbcLogger.java:143)- ==> Parameters: 2(Integer)
2020-04-26 16:34:41,051 DEBUG (BaseJdbcLogger.java:143)- <==      Total: 1
2020-04-26 16:34:41,057 DEBUG (BaseJdbcLogger.java:143)- ==>  Preparing: SELECT medicalid,typelist,medicalname,morbiditycount,latelytime,istakemedicine,capacity,isoperating,operatingroom,operatingdate FROM medicalhistory WHERE medicalid = ? 
2020-04-26 16:34:41,058 DEBUG (BaseJdbcLogger.java:143)- ==> Parameters: 2(Integer)
2020-04-26 16:34:41,059 DEBUG (BaseJdbcLogger.java:143)- ==>  Preparing: SELECT nmedicalid,ntypelist,elsecontent FROM nowmedicalhistory WHERE nmedicalid = ? 
2020-04-26 16:34:41,059 DEBUG (BaseJdbcLogger.java:143)- <==      Total: 1
