2020-04-26 16:44:36,476 DEBUG (BaseJdbcLogger.java:143)- ==> Parameters: 2020122414(Integer), 0(Integer), null, null, null, null, null, null, null, null, null, null, null, null, null, null, null, 1(Integer), 1(Integer), 1(Integer), null, 3(Integer)
2020-04-26 16:44:36,497 DEBUG (BaseJdbcLogger.java:143)- <==    Updates: 1
2020-04-26 16:44:36,498 DEBUG (BaseJdbcLogger.java:143)- ==>  Preparing: INSERT INTO Maritalhistory(isdivorced,soncount,girlcount,isgeneticdisease,geneticdisease) VALUES(?,?,?,?,?) 
2020-04-26 16:44:36,501 DEBUG (BaseJdbcLogger.java:143)- ==> Parameters: 1(Integer), 1(Integer), 1(Integer), 0(Integer), null
2020-04-26 16:44:36,511 DEBUG (BaseJdbcLogger.java:143)- <==    Updates: 1
2020-04-26 16:44:36,512 DEBUG (BaseJdbcLogger.java:143)- ==>  Preparing: SELECT LAST_INSERT_ID() 
2020-04-26 16:44:36,513 DEBUG (BaseJdbcLogger.java:143)- ==> Parameters: 
2020-04-26 16:44:36,515 DEBUG (BaseJdbcLogger.java:143)- <==      Total: 1
2020-04-26 16:44:36,516 DEBUG (BaseJdbcLogger.java:143)- ==>  Preparing: INSERT INTO Medicalhistory(typelist,medicalname,morbiditycount,latelytime,istakemedicine,capacity,isoperating,operatingroom,operatingdate) VALUES(?,?,?,?,?,?,?,?,?) 
2020-04-26 16:44:36,518 DEBUG (BaseJdbcLogger.java:143)- ==> Parameters: 1,2,3,5,6(String), 周正午(String), 3(Integer), 2020-04-26 00:00:00.0(Timestamp), 1(Integer), 不能自理(String), 1(Integer), 开颅手术(String), 2020-04-26 00:00:00.0(Timestamp)
2020-04-26 16:44:36,520 DEBUG (BaseJdbcLogger.java:143)- <==    Updates: 1
2020-04-26 16:44:36,521 DEBUG (BaseJdbcLogger.java:143)- ==>  Preparing: SELECT LAST_INSERT_ID() 
2020-04-26 16:44:36,522 DEBUG (BaseJdbcLogger.java:143)- ==> Parameters: 
2020-04-26 16:44:36,523 DEBUG (BaseJdbcLogger.java:143)- <==      Total: 1
2020-04-26 16:44:36,524 DEBUG (BaseJdbcLogger.java:143)- ==>  Preparing: INSERT INTO Nowmedicalhistory(ntypelist,elsecontent) VALUES(?,?) 
2020-04-26 16:44:36,526 DEBUG (BaseJdbcLogger.java:143)- ==> Parameters: 1,2,4(String), null
2020-04-26 16:44:36,527 DEBUG (BaseJdbcLogger.java:143)- <==    Updates: 1
2020-04-26 16:44:36,528 DEBUG (BaseJdbcLogger.java:143)- ==>  Preparing: SELECT LAST_INSERT_ID() 
2020-04-26 16:44:36,529 DEBUG (BaseJdbcLogger.java:143)- ==> Parameters: 
2020-04-26 16:44:36,530 DEBUG (BaseJdbcLogger.java:143)- <==      Total: 1
2020-04-26 16:44:36,595 DEBUG (BaseJdbcLogger.java:143)- ==>  Preparing: INSERT INTO cgkzresult ( cgid,nmedicalid,medicalid,birthid,doctorname,createdate,userid,sex ) VALUES( ?,?,?,?,?,?,?,? ) 
2020-04-26 16:44:36,596 DEBUG (BaseJdbcLogger.java:143)- ==> Parameters: null, 3(Integer), 3(Integer), 4(Integer), (String), null, 2020122414(Integer), 0(Integer)
2020-04-26 16:44:36,597 DEBUG (BaseJdbcLogger.java:143)- <==    Updates: 1
