2020-04-26 16:34:16,654 DEBUG (BaseJdbcLogger.java:143)- ==>  Preparing: SELECT typeid,type FROM medicalhistorytype 
2020-04-26 16:34:16,659 DEBUG (BaseJdbcLogger.java:143)- ==>  Preparing: select * from cgkzresult where userid=? and sex=? 
2020-04-26 16:34:16,662 DEBUG (BaseJdbcLogger.java:143)- ==> Parameters: 
2020-04-26 16:34:16,663 DEBUG (BaseJdbcLogger.java:143)- ==> Parameters: 2020122412(Integer), 1(Integer)
2020-04-26 16:34:16,656 DEBUG (BaseJdbcLogger.java:143)- ==>  Preparing: SELECT ntypeid,ntype FROM nowmedicalhistorytype 
2020-04-26 16:34:16,663 DEBUG (BaseJdbcLogger.java:143)- ==> Parameters: 
2020-04-26 16:34:16,665 DEBUG (BaseJdbcLogger.java:143)- <==      Total: 1
2020-04-26 16:34:16,665 DEBUG (BaseJdbcLogger.java:143)- <==      Total: 7
2020-04-26 16:34:16,670 DEBUG (BaseJdbcLogger.java:143)- <==      Total: 4
2020-04-26 16:34:16,697 DEBUG (BaseJdbcLogger.java:143)- ==>  Preparing: SELECT birthid,isdivorced,soncount,girlcount,isgeneticdisease,geneticdisease FROM maritalhistory WHERE birthid = ? 
2020-04-26 16:34:16,698 DEBUG (BaseJdbcLogger.java:143)- ==> Parameters: 2(Integer)
2020-04-26 16:34:16,699 DEBUG (BaseJdbcLogger.java:143)- <==      Total: 1
2020-04-26 16:34:16,700 DEBUG (BaseJdbcLogger.java:143)- ==>  Preparing: SELECT medicalid,typelist,medicalname,morbiditycount,latelytime,istakemedicine,capacity,isoperating,operatingroom,operatingdate FROM medicalhistory WHERE medicalid = ? 
2020-04-26 16:34:16,701 DEBUG (BaseJdbcLogger.java:143)- ==> Parameters: 2(Integer)
2020-04-26 16:34:16,703 DEBUG (BaseJdbcLogger.java:143)- <==      Total: 1
2020-04-26 16:34:16,707 DEBUG (BaseJdbcLogger.java:143)- ==>  Preparing: SELECT nmedicalid,ntypelist,elsecontent FROM nowmedicalhistory WHERE nmedicalid = ? 
2020-04-26 16:34:16,707 DEBUG (BaseJdbcLogger.java:143)- ==> Parameters: 2(Integer)
2020-04-26 16:34:16,708 DEBUG (BaseJdbcLogger.java:143)- <==      Total: 1
2020-04-26 16:34:17,409 DEBUG (BaseJdbcLogger.java:143)- ==>  Preparing: SELECT typeid,type FROM medicalhistorytype 
2020-04-26 16:34:17,410 DEBUG (BaseJdbcLogger.java:143)- ==> Parameters: 
2020-04-26 16:34:17,413 DEBUG (BaseJdbcLogger.java:143)- <==      Total: 7
2020-04-26 16:34:17,413 DEBUG (BaseJdbcLogger.java:143)- ==>  Preparing: SELECT ntypeid,ntype FROM nowmedicalhistorytype 
