<<<<<<< HEAD
2020-04-25 20:42:39,056 INFO (StartupInfoLogger.java:59)- Started ControlerApplication in 7.2355178 seconds (JVM running for 8.999)
2020-04-25 20:44:17,390 INFO (StartupInfoLogger.java:50)- Starting ControlerApplication on DESKTOP-E0OONUJ with PID 1708 (E:\IDEAProject\examines\examines\web\target\classes started by ZZW in E:\IDEAProject\examines\examines)
2020-04-25 20:44:17,394 DEBUG (StartupInfoLogger.java:53)- Running with Spring Boot v2.1.1.RELEASE, Spring v5.1.3.RELEASE
2020-04-25 20:44:17,395 INFO (SpringApplication.java:675)- No active profile set, falling back to default profiles: default
2020-04-25 20:44:21,731 INFO (StartupInfoLogger.java:59)- Started ControlerApplication in 5.2978274 seconds (JVM running for 7.708)
2020-04-25 20:44:33,513 DEBUG (BaseJdbcLogger.java:143)- ==>  Preparing: SELECT userid,mname,mcard,mbirthdate,mphone,methnic,midtype,mage,mculture,mjob,mprovince,mcity,mcounty,mdistrict,mvillage,mregistered,fname,fcard,fbirthdate,fphone,fethnic,fidtype,fage,fculture,fjob,fprovince,fcity,fcounty,fdistrict,fvillage,fregistered,address,creatdate,getmarrieddate,regtypeid,landlinenumber,mimg,fimg,email,doctorname FROM userinfo WHERE userid = ? 
=======
2020-04-25 20:40:53,124 INFO (StartupInfoLogger.java:59)- Started ControlerApplication in 3.4875205 seconds (JVM running for 699.195)
2020-04-25 20:41:05,719 INFO (StartupInfoLogger.java:50)- Starting ControlerApplication on DESKTOP-RJURPVR with PID 4048 (D:\MAVEN\Git\examines\examines\web\target\classes started by hh in D:\MAVEN\Git\examines\examines)
2020-04-25 20:41:05,719 DEBUG (StartupInfoLogger.java:53)- Running with Spring Boot v2.1.1.RELEASE, Spring v5.1.3.RELEASE
2020-04-25 20:41:05,720 INFO (SpringApplication.java:675)- No active profile set, falling back to default profiles: default
2020-04-25 20:41:08,719 INFO (StartupInfoLogger.java:59)- Started ControlerApplication in 3.1354528 seconds (JVM running for 714.791)
2020-04-25 20:52:30,176 INFO (StartupInfoLogger.java:50)- Starting ControlerApplication on DESKTOP-RJURPVR with PID 4048 (D:\MAVEN\Git\examines\examines\web\target\classes started by hh in D:\MAVEN\Git\examines\examines)
2020-04-25 20:52:30,177 DEBUG (StartupInfoLogger.java:53)- Running with Spring Boot v2.1.1.RELEASE, Spring v5.1.3.RELEASE
2020-04-25 20:52:30,177 INFO (SpringApplication.java:675)- No active profile set, falling back to default profiles: default
2020-04-25 20:53:55,539 INFO (StartupInfoLogger.java:50)- Starting ControlerApplication on DESKTOP-RJURPVR with PID 4048 (D:\MAVEN\Git\examines\examines\web\target\classes started by hh in D:\MAVEN\Git\examines\examines)
2020-04-25 20:53:55,540 DEBUG (StartupInfoLogger.java:53)- Running with Spring Boot v2.1.1.RELEASE, Spring v5.1.3.RELEASE
2020-04-25 20:53:55,542 INFO (SpringApplication.java:675)- No active profile set, falling back to default profiles: default
>>>>>>> origin/master
