2020-05-03 15:55:01,364 INFO (StartupInfoLogger.java:59)- Started ControlerApplication in 1.6567918 seconds (JVM running for 3274.521)
2020-05-03 15:55:34,815 INFO (StartupInfoLogger.java:50)- Starting ControlerApplication on DESKTOP-E0OONUJ with PID 6416 (E:\IDEAProject\examines\examines\web\target\classes started by ZZW in E:\IDEAProject\examines\examines)
2020-05-03 15:55:34,819 DEBUG (StartupInfoLogger.java:53)- Running with Spring Boot v2.1.1.RELEASE, Spring v5.1.3.RELEASE
2020-05-03 15:55:34,820 INFO (SpringApplication.java:675)- No active profile set, falling back to default profiles: default
2020-05-03 15:55:38,974 INFO (StartupInfoLogger.java:59)- Started ControlerApplication in 4.9182408 seconds (JVM running for 6.346)
2020-05-03 15:57:40,656 DEBUG (BaseJdbcLogger.java:143)- ==>  Preparing: SELECT adminid,doctorname,doctorpassword,uqx FROM admin WHERE doctorname = ? AND doctorpassword = ? 
2020-05-03 15:57:40,672 DEBUG (BaseJdbcLogger.java:143)- ==> Parameters: 王五六(String), 123456(String)
2020-05-03 15:57:40,686 DEBUG (BaseJdbcLogger.java:143)- <==      Total: 1
2020-05-03 16:00:54,543 INFO (StartupInfoLogger.java:50)- Starting ControlerApplication on DESKTOP-E0OONUJ with PID 6416 (E:\IDEAProject\examines\examines\web\target\classes started by ZZW in E:\IDEAProject\examines\examines)
2020-05-03 16:00:54,544 DEBUG (StartupInfoLogger.java:53)- Running with Spring Boot v2.1.1.RELEASE, Spring v5.1.3.RELEASE
2020-05-03 16:00:54,544 INFO (SpringApplication.java:675)- No active profile set, falling back to default profiles: default
2020-05-03 16:01:23,051 INFO (StartupInfoLogger.java:50)- Starting ControlerApplication on DESKTOP-E0OONUJ with PID 7096 (E:\IDEAProject\examines\examines\web\target\classes started by ZZW in E:\IDEAProject\examines\examines)
2020-05-03 16:01:23,054 DEBUG (StartupInfoLogger.java:53)- Running with Spring Boot v2.1.1.RELEASE, Spring v5.1.3.RELEASE
2020-05-03 16:01:23,055 INFO (SpringApplication.java:675)- No active profile set, falling back to default profiles: default
2020-05-03 16:01:45,309 INFO (StartupInfoLogger.java:50)- Starting ControlerApplication on DESKTOP-E0OONUJ with PID 12936 (E:\IDEAProject\examines\examines\web\target\classes started by ZZW in E:\IDEAProject\examines\examines)
2020-05-03 16:01:45,318 DEBUG (StartupInfoLogger.java:53)- Running with Spring Boot v2.1.1.RELEASE, Spring v5.1.3.RELEASE
2020-05-03 16:01:45,319 INFO (SpringApplication.java:675)- No active profile set, falling back to default profiles: default
2020-05-03 16:02:38,226 INFO (StartupInfoLogger.java:50)- Starting ControlerApplication on DESKTOP-E0OONUJ with PID 13764 (E:\IDEAProject\examines\examines\web\target\classes started by ZZW in E:\IDEAProject\examines\examines)
2020-05-03 16:02:38,230 DEBUG (StartupInfoLogger.java:53)- Running with Spring Boot v2.1.1.RELEASE, Spring v5.1.3.RELEASE
2020-05-03 16:02:38,231 INFO (SpringApplication.java:675)- No active profile set, falling back to default profiles: default
2020-05-03 16:02:59,959 INFO (StartupInfoLogger.java:50)- Starting ControlerApplication on DESKTOP-E0OONUJ with PID 13368 (E:\IDEAProject\examines\examines\web\target\classes started by ZZW in E:\IDEAProject\examines\examines)
2020-05-03 16:02:59,962 DEBUG (StartupInfoLogger.java:53)- Running with Spring Boot v2.1.1.RELEASE, Spring v5.1.3.RELEASE
2020-05-03 16:02:59,963 INFO (SpringApplication.java:675)- No active profile set, falling back to default profiles: default
