<<<<<<< HEAD
2020-04-27 15:37:24,393 INFO (StartupInfoLogger.java:59)- Started ControlerApplication in 5.5325312 seconds (JVM running for 6.867)
2020-04-27 15:37:52,100 DEBUG (BaseJdbcLogger.java:143)- ==>  Preparing: SELECT did,content FROM suggestd 
2020-04-27 15:37:52,103 DEBUG (BaseJdbcLogger.java:143)- ==>  Preparing: SELECT userid,mname,mcard,mbirthdate,mphone,methnic,midtype,mage,mculture,mjob,mprovince,mcity,mcounty,mdistrict,mvillage,mregistered,fname,fcard,fbirthdate,fphone,fethnic,fidtype,fage,fculture,fjob,fprovince,fcity,fcounty,fdistrict,fvillage,fregistered,address,creatdate,getmarrieddate,regtypeid,landlinenumber,mimg,fimg,email,doctorname FROM userinfo WHERE userid = ? 
2020-04-27 15:37:52,124 DEBUG (BaseJdbcLogger.java:143)- ==>  Preparing: SELECT id,content FROM suggest 
2020-04-27 15:37:52,141 DEBUG (BaseJdbcLogger.java:143)- ==> Parameters: 2020122412(Integer)
2020-04-27 15:37:52,141 DEBUG (BaseJdbcLogger.java:143)- ==> Parameters: 
2020-04-27 15:37:52,141 DEBUG (BaseJdbcLogger.java:143)- ==> Parameters: 
2020-04-27 15:37:52,156 DEBUG (BaseJdbcLogger.java:143)- <==      Total: 7
=======
2020-04-27 16:04:17,214 DEBUG (BaseJdbcLogger.java:143)- ==>  Preparing: DELETE FROM bultrasound WHERE userid = ? 
2020-04-27 16:04:17,220 DEBUG (BaseJdbcLogger.java:143)- ==> Parameters: 2020122412(Integer)
2020-04-27 16:04:17,297 DEBUG (BaseJdbcLogger.java:143)- <==    Updates: 1
2020-04-27 16:04:19,084 DEBUG (BaseJdbcLogger.java:143)- ==>  Preparing: SELECT bid,userid,bimgfile,result,dev,examinedate,doctorname,imgsize FROM bultrasound WHERE userid = ? 
2020-04-27 16:04:19,086 DEBUG (BaseJdbcLogger.java:143)- ==> Parameters: 2020122412(Integer)
2020-04-27 16:04:19,087 DEBUG (BaseJdbcLogger.java:143)- <==      Total: 0
2020-04-27 16:04:19,712 DEBUG (BaseJdbcLogger.java:143)- ==>  Preparing: SELECT bid,userid,bimgfile,result,dev,examinedate,doctorname,imgsize FROM bultrasound WHERE userid = ? 
2020-04-27 16:04:19,713 DEBUG (BaseJdbcLogger.java:143)- ==> Parameters: 2020122412(Integer)
2020-04-27 16:04:19,714 DEBUG (BaseJdbcLogger.java:143)- <==      Total: 0
2020-04-27 16:04:19,923 DEBUG (BaseJdbcLogger.java:143)- ==>  Preparing: SELECT bid,userid,bimgfile,result,dev,examinedate,doctorname,imgsize FROM bultrasound WHERE userid = ? 
2020-04-27 16:04:19,924 DEBUG (BaseJdbcLogger.java:143)- ==> Parameters: 2020122412(Integer)
2020-04-27 16:04:19,925 DEBUG (BaseJdbcLogger.java:143)- <==      Total: 0
2020-04-27 16:04:20,097 DEBUG (BaseJdbcLogger.java:143)- ==>  Preparing: SELECT bid,userid,bimgfile,result,dev,examinedate,doctorname,imgsize FROM bultrasound WHERE userid = ? 
>>>>>>> origin/master
