<<<<<<< HEAD
2020-04-27 12:28:38,935 INFO (StartupInfoLogger.java:59)- Started ControlerApplication in 4.9019866 seconds (JVM running for 6.28)
2020-04-27 12:35:28,222 INFO (StartupInfoLogger.java:50)- Starting ControlerApplication on DESKTOP-E0OONUJ with PID 12932 (E:\IDEAProject\examines\examines\web\target\classes started by ZZW in E:\IDEAProject\examines\examines)
2020-04-27 12:35:28,226 DEBUG (StartupInfoLogger.java:53)- Running with Spring Boot v2.1.1.RELEASE, Spring v5.1.3.RELEASE
2020-04-27 12:35:28,227 INFO (SpringApplication.java:675)- No active profile set, falling back to default profiles: default
2020-04-27 12:35:31,723 INFO (StartupInfoLogger.java:59)- Started ControlerApplication in 4.2447417 seconds (JVM running for 5.502)
2020-04-27 15:30:02,249 INFO (StartupInfoLogger.java:50)- Starting ControlerApplication on DESKTOP-E0OONUJ with PID 468 (E:\IDEAProject\examines\examines\web\target\classes started by ZZW in E:\IDEAProject\examines\examines)
2020-04-27 15:30:02,292 DEBUG (StartupInfoLogger.java:53)- Running with Spring Boot v2.1.1.RELEASE, Spring v5.1.3.RELEASE
2020-04-27 15:30:02,293 INFO (SpringApplication.java:675)- No active profile set, falling back to default profiles: default
=======
2020-04-26 20:22:36,000 INFO (StartupInfoLogger.java:59)- Started ControlerApplication in 5.5342128 seconds (JVM running for 6541.269)
2020-04-26 20:22:39,972 INFO (StartupInfoLogger.java:50)- Starting ControlerApplication on DESKTOP-RJURPVR with PID 18360 (D:\MAVEN\Git\examines\examines\web\target\classes started by hh in D:\MAVEN\Git\examines\examines)
2020-04-26 20:22:39,973 DEBUG (StartupInfoLogger.java:53)- Running with Spring Boot v2.1.1.RELEASE, Spring v5.1.3.RELEASE
2020-04-26 20:22:39,973 INFO (SpringApplication.java:675)- No active profile set, falling back to default profiles: default
2020-04-26 20:22:43,042 INFO (StartupInfoLogger.java:59)- Started ControlerApplication in 3.1662723 seconds (JVM running for 6548.31)
2020-04-27 12:28:38,935 INFO (StartupInfoLogger.java:59)- Started ControlerApplication in 4.9019866 seconds (JVM running for 6.28)
2020-04-27 14:41:17,987 INFO (StartupInfoLogger.java:50)- Starting ControlerApplication on DESKTOP-RJURPVR with PID 1676 (D:\MAVEN\Git\examines\examines\web\target\classes started by hh in D:\MAVEN\Git\examines\examines)
2020-04-27 14:41:18,011 DEBUG (StartupInfoLogger.java:53)- Running with Spring Boot v2.1.1.RELEASE, Spring v5.1.3.RELEASE
2020-04-27 14:41:18,012 INFO (SpringApplication.java:675)- No active profile set, falling back to default profiles: default
>>>>>>> origin/master
